<?xml version="1.0" encoding="UTF-8"?>
<testsuite xmlns:xsi="http://www.w3.org/2001/XMLSchema-instance" xsi:noNamespaceSchemaLocation="https://maven.apache.org/surefire/maven-surefire-plugin/xsd/surefire-test-report.xsd" name="TestCases" time="1.631" tests="7" errors="0" skipped="0" failures="6">
  <properties>
[...]
</properties>
  <testcase name="addPerson" classname="TestCases" time="1.51">
    <failure message="method is returning a null value" type="org.opentest4j.AssertionFailedError">org.opentest4j.AssertionFailedError: method is returning a null value
	at TestCases.addPerson(TestCases.java:21)
</failure>
    <system-err><![CDATA[Feb 17, 2023 5:06:02 PM org.hibernate.jpa.internal.util.LogHelper logPersistenceUnitInformation
INFO: HHH000204: Processing PersistenceUnitInfo [name: personUnit]
Feb 17, 2023 5:06:02 PM org.hibernate.Version logVersion
INFO: HHH000412: Hibernate ORM core version 6.1.6.Final
Feb 17, 2023 5:06:02 PM org.hibernate.jpa.boot.internal.EntityManagerFactoryBuilderImpl lambda$normalizeConnectionAccessUserAndPass$5
WARN: HHH90000021: Encountered deprecated setting [javax.persistence.jdbc.user], use [jakarta.persistence.jdbc.user] instead
Feb 17, 2023 5:06:02 PM org.hibernate.jpa.boot.internal.EntityManagerFactoryBuilderImpl lambda$normalizeConnectionAccessUserAndPass$11
WARN: HHH90000021: Encountered deprecated setting [javax.persistence.jdbc.password], use [jakarta.persistence.jdbc.password] instead
Feb 17, 2023 5:06:02 PM org.hibernate.jpa.boot.internal.EntityManagerFactoryBuilderImpl normalizeDataAccess
WARN: HHH90000021: Encountered deprecated setting [javax.persistence.jdbc.url], use [jakarta.persistence.jdbc.url] instead
Feb 17, 2023 5:06:02 PM org.hibernate.jpa.boot.internal.EntityManagerFactoryBuilderImpl normalizeDataAccess
WARN: HHH90000021: Encountered deprecated setting [javax.persistence.jdbc.driver], use [jakarta.persistence.jdbc.driver] instead
Feb 17, 2023 5:06:03 PM org.hibernate.engine.jdbc.connections.internal.DriverManagerConnectionProviderImpl configure
WARN: HHH10001002: Using built-in connection pool (not intended for production use)
Loading class `com.mysql.jdbc.Driver'. This is deprecated. The new driver class is `com.mysql.cj.jdbc.Driver'. The driver is automatically registered via the SPI and manual loading of the driver class is generally unnecessary.
Feb 17, 2023 5:06:03 PM org.hibernate.engine.jdbc.connections.internal.DriverManagerConnectionProviderImpl buildCreator
INFO: HHH10001005: Loaded JDBC driver class: com.mysql.jdbc.Driver
Feb 17, 2023 5:06:03 PM org.hibernate.engine.jdbc.connections.internal.DriverManagerConnectionProviderImpl buildCreator
INFO: HHH10001012: Connecting with JDBC URL [jdbc:mysql://localhost:3306/testing]
Feb 17, 2023 5:06:03 PM org.hibernate.engine.jdbc.connections.internal.DriverManagerConnectionProviderImpl buildCreator
INFO: HHH10001001: Connection properties: {password=****, user=root}
Feb 17, 2023 5:06:03 PM org.hibernate.engine.jdbc.connections.internal.DriverManagerConnectionProviderImpl buildCreator
INFO: HHH10001003: Autocommit mode: false
Feb 17, 2023 5:06:03 PM org.hibernate.engine.jdbc.connections.internal.DriverManagerConnectionProviderImpl$PooledConnections <init>
INFO: HHH10001115: Connection pool size: 20 (min=1)
Feb 17, 2023 5:06:03 PM org.hibernate.engine.jdbc.dialect.internal.DialectFactoryImpl logSelectedDialect
INFO: HHH000400: Using dialect: org.hibernate.dialect.MySQLDialect
Feb 17, 2023 5:06:03 PM org.hibernate.engine.transaction.jta.platform.internal.JtaPlatformInitiator initiateService
INFO: HHH000490: Using JtaPlatform implementation: [org.hibernate.engine.transaction.jta.platform.internal.NoJtaPlatform]
]]></system-err>
  </testcase>
  <testcase name="addPersonException" classname="TestCases" time="0">
    <failure message="method is not throwing Person Exception, even when we are passing null objects while adding an person ==&gt; Expected exceptions.PersonException to be thrown, but nothing was thrown." type="org.opentest4j.AssertionFailedError">org.opentest4j.AssertionFailedError: method is not throwing Person Exception, even when we are passing null objects while adding an person ==> Expected exceptions.PersonException to be thrown, but nothing was thrown.
	at TestCases.addPersonException(TestCases.java:40)
</failure>
  </testcase>
  <testcase name="findPersonById" classname="TestCases" time="0.067">
    <failure message="method is not finding the person by id correctly ==&gt; expected: &lt;entities.Person@474e373b&gt; but was: &lt;null&gt;" type="org.opentest4j.AssertionFailedError"><![CDATA[org.opentest4j.AssertionFailedError: method is not finding the person by id correctly ==> expected: <entities.Person@474e373b> but was: <null>
	at TestCases.findPersonById(TestCases.java:56)
]]></failure>
    <system-out><![CDATA[Hibernate: insert into Person (name, salary) values (?, ?)
]]></system-out>
  </testcase>
  <testcase name="findPersonByIdException" classname="TestCases" time="0.008">
    <failure message="method is not throwing Person Exception when unknown id is passed while finding by id ==&gt; Expected exceptions.PersonException to be thrown, but nothing was thrown." type="org.opentest4j.AssertionFailedError">org.opentest4j.AssertionFailedError: method is not throwing Person Exception when unknown id is passed while finding by id ==> Expected exceptions.PersonException to be thrown, but nothing was thrown.
	at TestCases.findPersonByIdException(TestCases.java:77)
</failure>
    <system-out><![CDATA[Hibernate: insert into Person (name, salary) values (?, ?)
]]></system-out>
  </testcase>
  <testcase name="deletePerson" classname="TestCases" time="0.033">
    <failure message="method is not deleting the records with particular id correctly ==&gt; expected: &lt;null&gt; but was: &lt;entities.Person@1fabfe8d&gt;" type="org.opentest4j.AssertionFailedError"><![CDATA[org.opentest4j.AssertionFailedError: method is not deleting the records with particular id correctly ==> expected: <null> but was: <entities.Person@1fabfe8d>
	at TestCases.deletePerson(TestCases.java:100)
]]></failure>
    <system-out><![CDATA[Hibernate: insert into Person (name, salary) values (?, ?)
Hibernate: select p1_0.id,p1_0.name,p1_0.salary from Person p1_0 where p1_0.id=?
]]></system-out>
  </testcase>
  <testcase name="deletePersonException" classname="TestCases" time="0.007">
    <failure message="method is not throwing a Person Exception when an unknown id is passed while deleting person ==&gt; Expected exceptions.PersonException to be thrown, but nothing was thrown." type="org.opentest4j.AssertionFailedError">org.opentest4j.AssertionFailedError: method is not throwing a Person Exception when an unknown id is passed while deleting person ==> Expected exceptions.PersonException to be thrown, but nothing was thrown.
	at TestCases.deletePersonException(TestCases.java:123)
</failure>
    <system-out><![CDATA[Hibernate: insert into Person (name, salary) values (?, ?)
]]></system-out>
  </testcase>
  <testcase name="buildScore" classname="TestCases" time="0"/>
</testsuite>